TN:
SF:src/components/Description.jsx
FN:3,Description
FNF:1
FNH:1
FNDA:1,Description
DA:1,1
DA:2,1
DA:3,1
DA:4,1
DA:5,1
DA:6,1
DA:7,1
DA:8,1
DA:9,1
LF:9
LH:9
BRDA:3,0,0,1
BRF:1
BRH:1
end_of_record
TN:
SF:src/components/caesar.jsx
FN:3,encryptPassword
FN:22,CaesarCipher
FN:27,handlePasswordChange
FN:31,handleShiftChange
FN:35,handleSubmit
FNF:5
FNH:5
FNDA:2,encryptPassword
FNDA:4,CaesarCipher
FNDA:1,handlePasswordChange
FNDA:1,handleShiftChange
FNDA:1,handleSubmit
DA:1,1
DA:2,1
DA:3,2
DA:4,2
DA:5,2
DA:6,20
DA:7,20
DA:8,20
DA:9,4
DA:10,20
DA:11,16
DA:12,16
DA:13,0
DA:14,0
DA:15,0
DA:16,0
DA:17,20
DA:18,20
DA:19,2
DA:20,2
DA:21,1
DA:22,4
DA:23,4
DA:24,4
DA:25,4
DA:26,4
DA:27,4
DA:28,1
DA:29,4
DA:30,4
DA:31,4
DA:32,1
DA:33,4
DA:34,4
DA:35,4
DA:36,1
DA:37,1
DA:38,1
DA:39,4
DA:40,4
DA:41,4
DA:42,4
DA:43,4
DA:44,4
DA:45,4
DA:46,4
DA:47,4
DA:48,4
DA:49,4
DA:50,4
DA:51,4
DA:52,4
DA:53,4
DA:54,4
DA:55,4
DA:56,4
DA:57,4
DA:58,4
DA:59,4
DA:60,4
DA:61,4
DA:62,4
DA:63,4
DA:64,4
DA:65,4
DA:66,4
DA:67,4
DA:68,4
DA:69,4
DA:70,4
DA:71,4
DA:72,4
DA:73,1
DA:74,4
DA:75,4
DA:76,4
DA:77,4
DA:78,4
DA:79,4
DA:80,4
DA:81,4
DA:82,4
DA:83,4
DA:84,4
DA:85,4
DA:86,1
DA:87,1
LF:87
LH:83
BRDA:3,0,0,2
BRDA:5,1,0,20
BRDA:8,2,0,4
BRDA:10,3,0,16
BRDA:12,4,0,0
BRDA:22,5,0,4
BRDA:72,6,0,1
BRDA:27,7,0,1
BRDA:31,8,0,1
BRDA:35,9,0,1
BRF:10
BRH:9
end_of_record
TN:
SF:src/components/generator.jsx
FN:3,PasswordGenerator
FN:11,handlePasswordLengthChange
FN:15,handleOptionChange
FN:37,generatePassword
FNF:4
FNH:4
FNDA:7,PasswordGenerator
FNDA:1,handlePasswordLengthChange
FNDA:4,handleOptionChange
FNDA:1,generatePassword
DA:1,1
DA:2,1
DA:3,1
DA:4,7
DA:5,7
DA:6,7
DA:7,7
DA:8,7
DA:9,7
DA:10,7
DA:11,7
DA:12,1
DA:13,7
DA:14,7
DA:15,7
DA:16,4
DA:17,4
DA:18,4
DA:19,4
DA:20,4
DA:21,1
DA:22,1
DA:23,4
DA:24,1
DA:25,1
DA:26,4
DA:27,1
DA:28,1
DA:29,4
DA:30,1
DA:31,1
DA:32,4
DA:33,0
DA:34,4
DA:35,7
DA:36,7
DA:37,7
DA:38,1
DA:39,1
DA:40,1
DA:41,1
DA:42,1
DA:43,1
DA:44,1
DA:45,1
DA:46,1
DA:47,0
DA:48,0
DA:49,1
DA:50,1
DA:51,1
DA:52,1
DA:53,1
DA:54,1
DA:55,1
DA:56,1
DA:57,1
DA:58,1
DA:59,1
DA:60,1
DA:61,0
DA:62,0
DA:63,1
DA:64,1
DA:65,10
DA:66,10
DA:67,10
DA:68,1
DA:69,1
DA:70,7
DA:71,7
DA:72,7
DA:73,7
DA:74,7
DA:75,7
DA:76,7
DA:77,7
DA:78,7
DA:79,7
DA:80,7
DA:81,7
DA:82,7
DA:83,7
DA:84,7
DA:85,7
DA:86,7
DA:87,7
DA:88,7
DA:89,7
DA:90,7
DA:91,7
DA:92,7
DA:93,7
DA:94,7
DA:95,7
DA:96,7
DA:97,7
DA:98,7
DA:99,7
DA:100,7
DA:101,7
DA:102,7
DA:103,7
DA:104,7
DA:105,7
DA:106,7
DA:107,7
DA:108,7
DA:109,7
DA:110,7
DA:111,7
DA:112,7
DA:113,7
DA:114,7
DA:115,7
DA:116,7
DA:117,7
DA:118,7
DA:119,7
DA:120,7
DA:121,7
DA:122,7
DA:123,7
DA:124,7
DA:125,7
DA:126,7
DA:127,7
DA:128,7
DA:129,7
DA:130,7
DA:131,7
DA:132,1
DA:133,1
DA:134,1
DA:135,1
DA:136,7
DA:137,7
DA:138,7
DA:139,7
DA:140,1
DA:141,1
LF:141
LH:136
BRDA:3,0,0,7
BRDA:131,1,0,1
BRDA:11,2,0,1
BRDA:15,3,0,4
BRDA:20,4,0,1
BRDA:23,5,0,1
BRDA:26,6,0,1
BRDA:29,7,0,1
BRDA:32,8,0,0
BRDA:37,9,0,1
BRDA:46,10,0,0
BRDA:60,11,0,0
BRDA:60,12,0,0
BRDA:60,13,0,0
BRDA:64,14,0,10
BRF:15
BRH:10
end_of_record
TN:
SF:src/components/vernam.jsx
FN:4,handleEncrypt
FN:21,handleDecrypt
FN:38,VernamCipher
FN:44,handleEncryptClick
FN:49,handleDecryptClick
FN:63,onChange
FN:78,onChange
FNF:7
FNH:7
FNDA:1,handleEncrypt
FNDA:1,handleDecrypt
FNDA:5,VernamCipher
FNDA:1,handleEncryptClick
FNDA:1,handleDecryptClick
FNDA:1,onChange
FNDA:1,onChange
DA:1,1
DA:2,1
DA:3,1
DA:4,1
DA:5,1
DA:6,0
DA:7,0
DA:8,0
DA:9,1
DA:10,1
DA:11,1
DA:12,8
DA:13,8
DA:14,8
DA:15,8
DA:16,8
DA:17,1
DA:18,1
DA:19,1
DA:20,1
DA:21,1
DA:22,1
DA:23,1
DA:24,1
DA:25,1
DA:26,0
DA:27,0
DA:28,0
DA:29,0
DA:30,0
DA:31,0
DA:32,0
DA:33,0
DA:34,0
DA:35,0
DA:36,0
DA:37,1
DA:38,1
DA:39,5
DA:40,5
DA:41,5
DA:42,5
DA:43,5
DA:44,5
DA:45,1
DA:46,1
DA:47,5
DA:48,5
DA:49,5
DA:50,1
DA:51,1
DA:52,5
DA:53,5
DA:54,5
DA:55,5
DA:56,5
DA:57,5
DA:58,5
DA:59,5
DA:60,5
DA:61,5
DA:62,5
DA:63,5
DA:64,5
DA:65,5
DA:66,5
DA:67,5
DA:68,5
DA:69,5
DA:70,5
DA:71,5
DA:72,5
DA:73,5
DA:74,5
DA:75,5
DA:76,5
DA:77,5
DA:78,5
DA:79,5
DA:80,5
DA:81,5
DA:82,5
DA:83,5
DA:84,5
DA:85,5
DA:86,5
DA:87,5
DA:88,2
DA:89,5
DA:90,5
DA:91,5
DA:92,5
DA:93,5
DA:94,5
DA:95,5
DA:96,5
DA:97,5
DA:98,5
DA:99,5
DA:100,5
DA:101,5
DA:102,5
DA:103,5
DA:104,5
DA:105,5
DA:106,5
DA:107,5
DA:108,5
DA:109,1
DA:110,1
LF:110
LH:96
BRDA:4,0,0,1
BRDA:5,1,0,0
BRDA:11,2,0,8
BRDA:21,3,0,1
BRDA:25,4,0,0
BRDA:38,5,0,5
BRDA:87,6,0,2
BRDA:44,7,0,1
BRDA:49,8,0,1
BRDA:63,9,0,1
BRDA:78,10,0,1
BRF:11
BRH:9
end_of_record
